<?xml version="1.0" encoding="UTF-8"?>
<!-- Generated by org.testng.reporters.JUnitReportReporter -->
<testsuite hostname="DESKTOP-188A1A8" failures="0" tests="1" name="tests.loginTest" time="3.985" errors="0" timestamp="2025-09-20T17:49:37 IST" skipped="0">
  <testcase classname="tests.loginTest" name="enterUsernameOnly" time="3.985"/>
</testsuite> <!-- tests.loginTest -->
