<?xml version="1.0" encoding="UTF-8"?>
<!-- Generated by org.testng.reporters.JUnitReportReporter -->
<testsuite hostname="DESKTOP-188A1A8" failures="0" tests="1" name="tests.BaseClass" time="2.398" errors="0" timestamp="2025-09-20T15:35:44 IST" skipped="0">
  <testcase classname="tests.BaseClass" name="login_test" time="2.398"/>
</testsuite> <!-- tests.BaseClass -->
